<?xml version="1.0" encoding="UTF-8"?>
<testng-results ignored="0" total="1" passed="1" failed="0" skipped="0">
  <reporter-output>
  </reporter-output>
  <suite started-at="2022-08-18T00:33:23 IST" name="Default suite" finished-at="2022-08-18T00:33:58 IST" duration-ms="34955">
    <groups>
    </groups>
    <test started-at="2022-08-18T00:33:23 IST" name="Default test" finished-at="2022-08-18T00:33:58 IST" duration-ms="34955">
      <class name="next.Tset14">
        <test-method signature="k1()[pri:0, instance:next.Tset14@3835c46]" started-at="2022-08-18T00:33:23 IST" name="k1" finished-at="2022-08-18T00:33:58 IST" duration-ms="34847" status="PASS">
          <reporter-output>
          </reporter-output>
        </test-method> <!-- k1 -->
      </class> <!-- next.Tset14 -->
    </test> <!-- Default test -->
  </suite> <!-- Default suite -->
</testng-results>
