<?xml version="1.0" encoding="UTF-8"?>
<!-- Generated by org.testng.reporters.JUnitXMLReporter -->
<testsuite ignored="0" hostname="lenovo-PC" failures="1" tests="6" name="Test" time="30.207" errors="0" timestamp="2022-08-13T23:17:57 IST">
  <testcase classname="next.Test1" name="B" time="0.033"/>
  <testcase classname="next.Test1" name="B" time="0.004"/>
  <testcase classname="next.Test1" name="B" time="0.003"/>
  <testcase classname="next.Test1" name="A" time="0.014">
    <failure type="java.lang.AssertionError" message="expected [true] but found [false]">
      <![CDATA[java.lang.AssertionError: expected [true] but found [false]
at next.Test1.A(Test1.java:15)
at java.base/java.util.ArrayList.forEach(ArrayList.java:1511)
... Removed 29 stack frames]]>
    </failure>
  </testcase> <!-- A -->
  <testcase classname="next.Test1" name="D" time="0.006"/>
  <testcase classname="next.Test2" name="open" time="3.828"/>
</testsuite> <!-- Test -->
